0 info it worked if it ends with ok
1 verbose cli [ 'C:\\Program Files\\nodejs\\node.exe',
1 verbose cli   'C:\\Users\\Tiara Massoni\\AppData\\Roaming\\npm\\node_modules\\npm\\bin\\npm-cli.js',
1 verbose cli   'start' ]
2 info using npm@3.10.9
3 info using node@v6.9.1
4 verbose run-script [ 'prestart', 'start', 'poststart' ]
5 info lifecycle simple-server-with-mongodb@1.0.0~prestart: simple-server-with-mongodb@1.0.0
6 verbose lifecycle simple-server-with-mongodb@1.0.0~prestart: unsafe-perm in lifecycle true
7 verbose lifecycle simple-server-with-mongodb@1.0.0~prestart: PATH: C:\Users\Tiara Massoni\AppData\Roaming\npm\node_modules\npm\bin\node-gyp-bin;C:\Users\Tiara Massoni\Desktop\simple-server-with-mongodb-master\node_modules\.bin;C:\Users\Tiara Massoni\bin;C:\Program Files\Git\mingw64\bin;C:\Program Files\Git\usr\local\bin;C:\Program Files\Git\usr\bin;C:\Program Files\Git\usr\bin;C:\Program Files\Git\mingw64\bin;C:\Program Files\Git\usr\bin;C:\Users\Tiara Massoni\bin;C:\Program Files\Common Files\Microsoft Shared\Windows Live;C:\Program Files (x86)\Common Files\Microsoft Shared\Windows Live;C:\windows\system32;C:\windows;C:\windows\System32\Wbem;C:\windows\System32\WindowsPowerShell\v1.0;C:\Program Files (x86)\Windows Live\Shared;C:\Program Files\Intel\WiFi\bin;C:\Program Files\Common Files\Intel\WirelessCommon;C:\Program Files\Microsoft SQL Server\110\Tools\Binn;C:\Program Files\Microsoft SQL Server\120\Tools\Binn;C:\Program Files (x86)\Microsoft SQL Server\100\Tools\Binn;C:\Program Files (x86)\Microsoft SQL Server\100\DTS\Binn;C:\Program Files (x86)\Windows Kits\8.1\Windows Performance Toolkit;C:\Program Files (x86)\Microsoft SDKs\TypeScript\1.0;C:\windows\system32\config\systemprofile\.dnx\bin;C:\Program Files\Microsoft DNX\Dnvm;C:\Program Files\nodejs;C:\Program Files\Git\cmd;C:\Users\Tiara Massoni\AppData\Roaming\npm;C:\Program Files\Git\usr\bin\vendor_perl;C:\Program Files\Git\usr\bin\core_perl
8 verbose lifecycle simple-server-with-mongodb@1.0.0~prestart: CWD: C:\Users\Tiara Massoni\Desktop\simple-server-with-mongodb-master
9 silly lifecycle simple-server-with-mongodb@1.0.0~prestart: Args: [ '/d /s /c', 'npm run build' ]
10 silly lifecycle simple-server-with-mongodb@1.0.0~prestart: Returned: code: 0  signal: null
11 info lifecycle simple-server-with-mongodb@1.0.0~start: simple-server-with-mongodb@1.0.0
12 verbose lifecycle simple-server-with-mongodb@1.0.0~start: unsafe-perm in lifecycle true
13 verbose lifecycle simple-server-with-mongodb@1.0.0~start: PATH: C:\Users\Tiara Massoni\AppData\Roaming\npm\node_modules\npm\bin\node-gyp-bin;C:\Users\Tiara Massoni\Desktop\simple-server-with-mongodb-master\node_modules\.bin;C:\Users\Tiara Massoni\bin;C:\Program Files\Git\mingw64\bin;C:\Program Files\Git\usr\local\bin;C:\Program Files\Git\usr\bin;C:\Program Files\Git\usr\bin;C:\Program Files\Git\mingw64\bin;C:\Program Files\Git\usr\bin;C:\Users\Tiara Massoni\bin;C:\Program Files\Common Files\Microsoft Shared\Windows Live;C:\Program Files (x86)\Common Files\Microsoft Shared\Windows Live;C:\windows\system32;C:\windows;C:\windows\System32\Wbem;C:\windows\System32\WindowsPowerShell\v1.0;C:\Program Files (x86)\Windows Live\Shared;C:\Program Files\Intel\WiFi\bin;C:\Program Files\Common Files\Intel\WirelessCommon;C:\Program Files\Microsoft SQL Server\110\Tools\Binn;C:\Program Files\Microsoft SQL Server\120\Tools\Binn;C:\Program Files (x86)\Microsoft SQL Server\100\Tools\Binn;C:\Program Files (x86)\Microsoft SQL Server\100\DTS\Binn;C:\Program Files (x86)\Windows Kits\8.1\Windows Performance Toolkit;C:\Program Files (x86)\Microsoft SDKs\TypeScript\1.0;C:\windows\system32\config\systemprofile\.dnx\bin;C:\Program Files\Microsoft DNX\Dnvm;C:\Program Files\nodejs;C:\Program Files\Git\cmd;C:\Users\Tiara Massoni\AppData\Roaming\npm;C:\Program Files\Git\usr\bin\vendor_perl;C:\Program Files\Git\usr\bin\core_perl
14 verbose lifecycle simple-server-with-mongodb@1.0.0~start: CWD: C:\Users\Tiara Massoni\Desktop\simple-server-with-mongodb-master
15 silly lifecycle simple-server-with-mongodb@1.0.0~start: Args: [ '/d /s /c', 'node server.js' ]
16 silly lifecycle simple-server-with-mongodb@1.0.0~start: Returned: code: 1  signal: null
17 info lifecycle simple-server-with-mongodb@1.0.0~start: Failed to exec start script
18 verbose stack Error: simple-server-with-mongodb@1.0.0 start: `node server.js`
18 verbose stack Exit status 1
18 verbose stack     at EventEmitter.<anonymous> (C:\Users\Tiara Massoni\AppData\Roaming\npm\node_modules\npm\lib\utils\lifecycle.js:255:16)
18 verbose stack     at emitTwo (events.js:106:13)
18 verbose stack     at EventEmitter.emit (events.js:191:7)
18 verbose stack     at ChildProcess.<anonymous> (C:\Users\Tiara Massoni\AppData\Roaming\npm\node_modules\npm\lib\utils\spawn.js:40:14)
18 verbose stack     at emitTwo (events.js:106:13)
18 verbose stack     at ChildProcess.emit (events.js:191:7)
18 verbose stack     at maybeClose (internal/child_process.js:877:16)
18 verbose stack     at Process.ChildProcess._handle.onexit (internal/child_process.js:226:5)
19 verbose pkgid simple-server-with-mongodb@1.0.0
20 verbose cwd C:\Users\Tiara Massoni\Desktop\simple-server-with-mongodb-master
21 error Windows_NT 6.1.7601
22 error argv "C:\\Program Files\\nodejs\\node.exe" "C:\\Users\\Tiara Massoni\\AppData\\Roaming\\npm\\node_modules\\npm\\bin\\npm-cli.js" "start"
23 error node v6.9.1
24 error npm  v3.10.9
25 error code ELIFECYCLE
26 error simple-server-with-mongodb@1.0.0 start: `node server.js`
26 error Exit status 1
27 error Failed at the simple-server-with-mongodb@1.0.0 start script 'node server.js'.
27 error Make sure you have the latest version of node.js and npm installed.
27 error If you do, this is most likely a problem with the simple-server-with-mongodb package,
27 error not with npm itself.
27 error Tell the author that this fails on your system:
27 error     node server.js
27 error You can get information on how to open an issue for this project with:
27 error     npm bugs simple-server-with-mongodb
27 error Or if that isn't available, you can get their info via:
27 error     npm owner ls simple-server-with-mongodb
27 error There is likely additional logging output above.
28 verbose exit [ 1, true ]
